<?xml version="1.0" encoding="UTF-8"?>
<testng-results ignored="0" total="1" passed="1" failed="0" skipped="0">
  <reporter-output>
  </reporter-output>
  <suite started-at="2024-04-04T20:49:26 IST" name="Default suite" finished-at="2024-04-04T20:50:56 IST" duration-ms="89947">
    <groups>
    </groups>
    <test started-at="2024-04-04T20:49:26 IST" name="Default test" finished-at="2024-04-04T20:50:56 IST" duration-ms="89947">
      <class name="testpkg.Lulutestclass">
        <test-method is-config="true" signature="setup()[pri:0, instance:testpkg.Lulutestclass@3646a422]" started-at="2024-04-04T20:49:26 IST" name="setup" finished-at="2024-04-04T20:49:34 IST" duration-ms="7519" status="PASS">
          <reporter-output>
          </reporter-output>
        </test-method> <!-- setup -->
        <test-method signature="loginpage()[pri:0, instance:testpkg.Lulutestclass@3646a422]" started-at="2024-04-04T20:49:34 IST" name="loginpage" finished-at="2024-04-04T20:50:56 IST" duration-ms="82388" status="PASS">
          <reporter-output>
          </reporter-output>
        </test-method> <!-- loginpage -->
      </class> <!-- testpkg.Lulutestclass -->
    </test> <!-- Default test -->
  </suite> <!-- Default suite -->
</testng-results>
